 meere1@meere1-dev  ~/ws/alpha/Playground/tf_tmpl/mains   master ●  python3 grace_main.py --config ../configs/grace_config.json 
start... grace_main.py
Start seperate data...
0 data files are seperated...
Image data loading started...
Image data loading finished!
Number of classes: 2
Number of each classe's image data: 12500
Train len: 20000
Test len: 5000
Train iteration len: 2000
Test iteration len: 500
x_train: (20000, 128, 128, 1) uint8
y_train: (20000,) uint8
x_test: (5000, 128, 128, 1) uint8
y_test: (5000,) uint8
featres_placeholder:  (?, 128, 128, 1)
labels_placeholder:  (?,)
X_batch shape dtype:  (?, 128, 128, 1)
Y_batch shape dtype:  (?,)
Loading model checkpoint ../experiments/grace_exp_1/checkpoint/-64000 ...

Model loaded
Traning started. It takes sometime...
2018-09-18 17:18:21.417174: W tensorflow/core/framework/allocator.cc:101] Allocation of 1310720000 exceeds 10% of system memory.
Epoch-30: 100%|█████████████████████████████████████████████████████████████████| 2000/2000 [36:27<00:00,  1.09s/it]
Saving model...
Model saved
loss:0.1139 -- acc:0.9597
Validation-30: 100%|██████████████████████████████████████████████████████████████| 500/500 [01:59<00:00,  4.19it/s]
loss:0.0324 -- acc:0.9912

2018-09-18 17:56:50.909523: W tensorflow/core/framework/allocator.cc:101] Allocation of 1310720000 exceeds 10% of system memory.
Epoch-31: 100%|█████████████████████████████████████████████████████████████████| 2000/2000 [36:43<00:00,  1.10s/it]
Saving model...
Model saved
loss:0.0955 -- acc:0.9653
Validation-31: 100%|██████████████████████████████████████████████████████████████| 500/500 [01:59<00:00,  4.17it/s]
loss:0.1108 -- acc:0.9658

2018-09-18 18:35:36.213805: W tensorflow/core/framework/allocator.cc:101] Allocation of 1310720000 exceeds 10% of system memory.
Epoch-32: 100%|█████████████████████████████████████████████████████████████████| 2000/2000 [36:32<00:00,  1.10s/it]
Saving model...
Model saved
loss:0.0847 -- acc:0.9693
Validation-32: 100%|██████████████████████████████████████████████████████████████| 500/500 [01:59<00:00,  4.18it/s]
loss:0.0346 -- acc:0.9922

2018-09-18 19:14:10.842385: W tensorflow/core/framework/allocator.cc:101] Allocation of 1310720000 exceeds 10% of system memory.
Epoch-33: 100%|█████████████████████████████████████████████████████████████████| 2000/2000 [36:33<00:00,  1.10s/it]
Saving model...
Model saved
loss:0.0843 -- acc:0.9696
Validation-33: 100%|██████████████████████████████████████████████████████████████| 500/500 [01:59<00:00,  4.17it/s]
loss:0.0709 -- acc:0.9778

2018-09-18 19:52:46.547597: W tensorflow/core/framework/allocator.cc:101] Allocation of 1310720000 exceeds 10% of system memory.
Epoch-34: 100%|█████████████████████████████████████████████████████████████████| 2000/2000 [36:30<00:00,  1.10s/it]
Saving model...
Model saved
loss:0.0700 -- acc:0.9756
Validation-34: 100%|██████████████████████████████████████████████████████████████| 500/500 [01:59<00:00,  4.17it/s]
loss:0.0490 -- acc:0.9868

2018-09-18 20:31:19.444970: W tensorflow/core/framework/allocator.cc:101] Allocation of 1310720000 exceeds 10% of system memory.
Epoch-35: 100%|█████████████████████████████████████████████████████████████████| 2000/2000 [36:37<00:00,  1.10s/it]
Saving model...
Model saved
loss:0.0708 -- acc:0.9764
Validation-35: 100%|██████████████████████████████████████████████████████████████| 500/500 [01:59<00:00,  4.18it/s]
loss:0.0882 -- acc:0.9684

2018-09-18 21:09:58.980067: W tensorflow/core/framework/allocator.cc:101] Allocation of 1310720000 exceeds 10% of system memory.
Epoch-36: 100%|█████████████████████████████████████████████████████████████████| 2000/2000 [36:36<00:00,  1.10s/it]
Saving model...
Model saved
loss:0.0763 -- acc:0.9752
Validation-36: 100%|██████████████████████████████████████████████████████████████| 500/500 [01:59<00:00,  4.18it/s]
loss:0.2793 -- acc:0.9046

2018-09-18 21:48:36.988174: W tensorflow/core/framework/allocator.cc:101] Allocation of 1310720000 exceeds 10% of system memory.
Epoch-37: 100%|█████████████████████████████████████████████████████████████████| 2000/2000 [36:39<00:00,  1.10s/it]
Saving model...
Model saved
loss:0.0686 -- acc:0.9770
Validation-37: 100%|██████████████████████████████████████████████████████████████| 500/500 [01:59<00:00,  4.17it/s]
loss:0.0876 -- acc:0.9744

2018-09-18 22:27:18.772397: W tensorflow/core/framework/allocator.cc:101] Allocation of 1310720000 exceeds 10% of system memory.
Epoch-38: 100%|█████████████████████████████████████████████████████████████████| 2000/2000 [36:39<00:00,  1.10s/it]
Saving model...
Model saved
loss:0.0725 -- acc:0.9774
Validation-38: 100%|██████████████████████████████████████████████████████████████| 500/500 [01:59<00:00,  4.18it/s]
loss:0.0749 -- acc:0.9770

2018-09-18 23:06:00.638072: W tensorflow/core/framework/allocator.cc:101] Allocation of 1310720000 exceeds 10% of system memory.
Epoch-39: 100%|█████████████████████████████████████████████████████████████████| 2000/2000 [36:36<00:00,  1.10s/it]
Saving model...
Model saved
loss:0.0652 -- acc:0.9781
Validation-39: 100%|██████████████████████████████████████████████████████████████| 500/500 [02:00<00:00,  4.16it/s]
loss:0.0776 -- acc:0.9760

2018-09-18 23:44:39.863296: W tensorflow/core/framework/allocator.cc:101] Allocation of 1310720000 exceeds 10% of system memory.
Epoch-40: 100%|█████████████████████████████████████████████████████████████████| 2000/2000 [36:38<00:00,  1.10s/it]
Saving model...
Model saved
loss:0.0673 -- acc:0.9775
Validation-40: 100%|██████████████████████████████████████████████████████████████| 500/500 [02:00<00:00,  4.15it/s]
loss:0.1061 -- acc:0.9630

2018-09-19 00:23:21.111679: W tensorflow/core/framework/allocator.cc:101] Allocation of 1310720000 exceeds 10% of system memory.
Epoch-41: 100%|█████████████████████████████████████████████████████████████████| 2000/2000 [36:40<00:00,  1.10s/it]
Saving model...
Model saved
loss:0.0601 -- acc:0.9811
Validation-41: 100%|██████████████████████████████████████████████████████████████| 500/500 [01:59<00:00,  4.18it/s]
loss:0.0490 -- acc:0.9872

2018-09-19 01:02:03.546139: W tensorflow/core/framework/allocator.cc:101] Allocation of 1310720000 exceeds 10% of system memory.
Epoch-42: 100%|█████████████████████████████████████████████████████████████████| 2000/2000 [36:40<00:00,  1.10s/it]
Saving model...
Model saved
loss:0.0633 -- acc:0.9790
Validation-42: 100%|██████████████████████████████████████████████████████████████| 500/500 [02:00<00:00,  4.16it/s]
loss:0.0512 -- acc:0.9876

2018-09-19 01:40:46.776492: W tensorflow/core/framework/allocator.cc:101] Allocation of 1310720000 exceeds 10% of system memory.
Epoch-43: 100%|█████████████████████████████████████████████████████████████████| 2000/2000 [36:36<00:00,  1.10s/it]
Saving model...
Model saved
loss:0.0527 -- acc:0.9827
Validation-43: 100%|██████████████████████████████████████████████████████████████| 500/500 [02:00<00:00,  4.16it/s]
loss:0.0969 -- acc:0.9708

2018-09-19 02:19:26.112661: W tensorflow/core/framework/allocator.cc:101] Allocation of 1310720000 exceeds 10% of system memory.
Epoch-44: 100%|█████████████████████████████████████████████████████████████████| 2000/2000 [36:42<00:00,  1.10s/it]
Saving model...
Model saved
loss:0.0493 -- acc:0.9843
Validation-44: 100%|██████████████████████████████████████████████████████████████| 500/500 [01:59<00:00,  4.17it/s]
loss:0.0435 -- acc:0.9896

2018-09-19 02:58:10.923499: W tensorflow/core/framework/allocator.cc:101] Allocation of 1310720000 exceeds 10% of system memory.
Epoch-45: 100%|█████████████████████████████████████████████████████████████████| 2000/2000 [36:44<00:00,  1.10s/it]
Saving model...
Model saved
loss:0.0535 -- acc:0.9838
Validation-45: 100%|██████████████████████████████████████████████████████████████| 500/500 [02:00<00:00,  4.15it/s]
loss:0.0595 -- acc:0.9832

2018-09-19 03:36:57.990268: W tensorflow/core/framework/allocator.cc:101] Allocation of 1310720000 exceeds 10% of system memory.
Epoch-46: 100%|█████████████████████████████████████████████████████████████████| 2000/2000 [36:42<00:00,  1.10s/it]
Saving model...
Model saved
loss:0.0476 -- acc:0.9852
Validation-46: 100%|██████████████████████████████████████████████████████████████| 500/500 [02:00<00:00,  4.16it/s]
loss:0.0447 -- acc:0.9880

2018-09-19 04:15:42.637387: W tensorflow/core/framework/allocator.cc:101] Allocation of 1310720000 exceeds 10% of system memory.
Epoch-47: 100%|█████████████████████████████████████████████████████████████████| 2000/2000 [36:40<00:00,  1.10s/it]
Saving model...
Model saved
loss:0.0548 -- acc:0.9818
Validation-47: 100%|██████████████████████████████████████████████████████████████| 500/500 [02:00<00:00,  4.15it/s]
loss:0.0626 -- acc:0.9820

2018-09-19 04:54:26.331045: W tensorflow/core/framework/allocator.cc:101] Allocation of 1310720000 exceeds 10% of system memory.
Epoch-48: 100%|█████████████████████████████████████████████████████████████████| 2000/2000 [36:43<00:00,  1.10s/it]
Saving model...
Model saved
loss:0.0588 -- acc:0.9807
Validation-48: 100%|██████████████████████████████████████████████████████████████| 500/500 [02:00<00:00,  4.17it/s]
loss:0.0539 -- acc:0.9832

2018-09-19 05:33:12.166981: W tensorflow/core/framework/allocator.cc:101] Allocation of 1310720000 exceeds 10% of system memory.
Epoch-49: 100%|█████████████████████████████████████████████████████████████████| 2000/2000 [36:44<00:00,  1.10s/it]
Saving model...
Model saved
loss:0.0560 -- acc:0.9825
Validation-49: 100%|██████████████████████████████████████████████████████████████| 500/500 [02:00<00:00,  4.15it/s]
loss:0.0576 -- acc:0.9854

2018-09-19 06:11:59.381292: W tensorflow/core/framework/allocator.cc:101] Allocation of 1310720000 exceeds 10% of system memory.
Epoch-50: 100%|█████████████████████████████████████████████████████████████████| 2000/2000 [36:40<00:00,  1.10s/it]
Saving model...
Model saved
loss:0.0517 -- acc:0.9825
Validation-50: 100%|██████████████████████████████████████████████████████████████| 500/500 [02:00<00:00,  4.15it/s]
loss:0.0782 -- acc:0.9802

Traning finished!!
exit... grace_main.py

